<?xml version="1.0" encoding="UTF-8"?>
<coverage generated="1554319223996" clover="3.2.0">
  <project timestamp="1554319223997" name="All files">
    <metrics statements="13" coveredstatements="8" conditionals="2" coveredconditionals="1" methods="9" coveredmethods="5" elements="24" coveredelements="14" complexity="0" loc="13" ncloc="13" packages="2" files="4" classes="4"/>
    <package name="src">
      <metrics statements="1" coveredstatements="0" conditionals="0" coveredconditionals="0" methods="0" coveredmethods="0"/>
      <file name="index.jsx" path="/Users/jfeng/Documents/FEC/reviews-module/src/index.jsx">
        <metrics statements="1" coveredstatements="0" conditionals="0" coveredconditionals="0" methods="0" coveredmethods="0"/>
        <line num="5" count="0" type="stmt"/>
      </file>
    </package>
    <package name="src.components">
      <metrics statements="12" coveredstatements="8" conditionals="2" coveredconditionals="1" methods="9" coveredmethods="5"/>
      <file name="App.jsx" path="/Users/jfeng/Documents/FEC/reviews-module/src/components/App.jsx">
        <metrics statements="7" coveredstatements="5" conditionals="2" coveredconditionals="1" methods="6" coveredmethods="4"/>
        <line num="7" count="1" type="stmt"/>
        <line num="8" count="1" type="stmt"/>
        <line num="15" count="1" type="stmt"/>
        <line num="19" count="1" type="stmt"/>
        <line num="20" count="0" type="stmt"/>
        <line num="25" count="1" type="stmt"/>
        <line num="29" count="0" type="cond" truecount="1" falsecount="1"/>
      </file>
      <file name="Rating.jsx" path="/Users/jfeng/Documents/FEC/reviews-module/src/components/Rating.jsx">
        <metrics statements="2" coveredstatements="2" conditionals="0" coveredconditionals="0" methods="1" coveredmethods="1"/>
        <line num="3" count="2" type="stmt"/>
        <line num="4" count="1" type="stmt"/>
      </file>
      <file name="User.jsx" path="/Users/jfeng/Documents/FEC/reviews-module/src/components/User.jsx">
        <metrics statements="3" coveredstatements="1" conditionals="0" coveredconditionals="0" methods="2" coveredmethods="0"/>
        <line num="4" count="1" type="stmt"/>
        <line num="5" count="0" type="stmt"/>
        <line num="13" count="0" type="stmt"/>
      </file>
    </package>
  </project>
</coverage>
