{"/Users/jfeng/Documents/FEC/reviews-module/src/index.jsx": {"path":"/Users/jfeng/Documents/FEC/reviews-module/src/index.jsx","statementMap":{"0":{"start":{"line":5,"column":0},"end":{"line":5,"column":57}}},"fnMap":{},"branchMap":{},"s":{"0":0},"f":{},"b":{}}
,"/Users/jfeng/Documents/FEC/reviews-module/src/components/App.jsx": {"path":"/Users/jfeng/Documents/FEC/reviews-module/src/components/App.jsx","statementMap":{"0":{"start":{"line":7,"column":4},"end":{"line":7,"column":17}},"1":{"start":{"line":8,"column":4},"end":{"line":11,"column":6}},"2":{"start":{"line":15,"column":4},"end":{"line":15,"column":19}},"3":{"start":{"line":19,"column":4},"end":{"line":21,"column":7}},"4":{"start":{"line":20,"column":6},"end":{"line":20,"column":79}},"5":{"start":{"line":25,"column":4},"end":{"line":32,"column":6}},"6":{"start":{"line":29,"column":77},"end":{"line":29,"column":112}}},"fnMap":{"0":{"name":"(anonymous_0)","decl":{"start":{"line":6,"column":2},"end":{"line":6,"column":3}},"loc":{"start":{"line":6,"column":21},"end":{"line":12,"column":3}},"line":6},"1":{"name":"(anonymous_1)","decl":{"start":{"line":14,"column":2},"end":{"line":14,"column":3}},"loc":{"start":{"line":14,"column":22},"end":{"line":16,"column":3}},"line":14},"2":{"name":"(anonymous_2)","decl":{"start":{"line":18,"column":2},"end":{"line":18,"column":3}},"loc":{"start":{"line":18,"column":12},"end":{"line":22,"column":3}},"line":18},"3":{"name":"(anonymous_3)","decl":{"start":{"line":19,"column":39},"end":{"line":19,"column":40}},"loc":{"start":{"line":19,"column":51},"end":{"line":21,"column":5}},"line":19},"4":{"name":"(anonymous_4)","decl":{"start":{"line":24,"column":2},"end":{"line":24,"column":3}},"loc":{"start":{"line":24,"column":11},"end":{"line":33,"column":3}},"line":24},"5":{"name":"(anonymous_5)","decl":{"start":{"line":29,"column":67},"end":{"line":29,"column":68}},"loc":{"start":{"line":29,"column":77},"end":{"line":29,"column":112}},"line":29}},"branchMap":{"0":{"loc":{"start":{"line":29,"column":11},"end":{"line":29,"column":113}},"type":"cond-expr","locations":[{"start":{"line":29,"column":39},"end":{"line":29,"column":43}},{"start":{"line":29,"column":46},"end":{"line":29,"column":113}}],"line":29}},"s":{"0":1,"1":1,"2":1,"3":1,"4":0,"5":1,"6":0},"f":{"0":1,"1":1,"2":1,"3":0,"4":1,"5":0},"b":{"0":[1,0]},"_coverageSchema":"43e27e138ebf9cfc5966b082cf9a028302ed4184","hash":"689733fe1e2cad7aa0c5456d5d38f3369a24bdab"}
,"/Users/jfeng/Documents/FEC/reviews-module/src/components/Rating.jsx": {"path":"/Users/jfeng/Documents/FEC/reviews-module/src/components/Rating.jsx","statementMap":{"0":{"start":{"line":3,"column":16},"end":{"line":11,"column":1}},"1":{"start":{"line":4,"column":2},"end":{"line":10,"column":8}}},"fnMap":{"0":{"name":"(anonymous_0)","decl":{"start":{"line":3,"column":16},"end":{"line":3,"column":17}},"loc":{"start":{"line":4,"column":2},"end":{"line":10,"column":8}},"line":4}},"branchMap":{},"s":{"0":2,"1":1},"f":{"0":1},"b":{},"_coverageSchema":"43e27e138ebf9cfc5966b082cf9a028302ed4184","hash":"e28d09348bbab00b05efaa0867328552775dea43"}
,"/Users/jfeng/Documents/FEC/reviews-module/src/components/User.jsx": {"path":"/Users/jfeng/Documents/FEC/reviews-module/src/components/User.jsx","statementMap":{"0":{"start":{"line":4,"column":13},"end":{"line":20,"column":1}},"1":{"start":{"line":5,"column":2},"end":{"line":19,"column":8}},"2":{"start":{"line":13,"column":10},"end":{"line":13,"column":53}}},"fnMap":{"0":{"name":"(anonymous_0)","decl":{"start":{"line":4,"column":13},"end":{"line":4,"column":14}},"loc":{"start":{"line":5,"column":2},"end":{"line":19,"column":8}},"line":5},"1":{"name":"(anonymous_1)","decl":{"start":{"line":12,"column":37},"end":{"line":12,"column":38}},"loc":{"start":{"line":13,"column":10},"end":{"line":13,"column":53}},"line":13}},"branchMap":{},"s":{"0":1,"1":0,"2":0},"f":{"0":0,"1":0},"b":{},"_coverageSchema":"43e27e138ebf9cfc5966b082cf9a028302ed4184","hash":"31695fd3d7eec09a19b7e28f936849c528a6749c"}
}
